<?xml version="1.0" encoding="UTF-8"?>

<colo:colocation
  name="moscow-test-remote1"
  description="Moscow Remote Test #1"
  xmlns:colo="http://www.foros.com/cms/colocation"
  xmlns:xsi="http://www.w3.org/2001/XMLSchema-instance"
  xsi:schemaLocation="http://www.foros.com/cms/colocation platform:/resource/coloModel/src/main/model/colocation.xsd">
  <host name="vnode1" hostName="vnode1"/>
  <host name="vnode2" hostName="vnode2"/>
  <host name="vbak2" hostName="vbak2"/>

  <application descriptor="AdServer-3.5.6.274" description="Managed by svn">

    <configuration>
      <environment xmlns="http://www.adintelligence.net/xsd/AdServer/Configuration">
        <forosZoneManagement>
          <private_key>-----BEGIN RSA PRIVATE KEY-----
MIICWwIBAAKBgQDQNIRHWBKTRsd6NdFcIc5SdZeV7Tz2xtLzTSk5JuXEcek12Epu
U77ROGfV7U2KE0kzGLwksi6K9DP57IDarSmNSQf+2phfaDIiclnpN8UVozqBBhyd
IVcZ2/Wszq3AL67MxyJcB2jw2eZxgtQFxN6maD0ZeHwN2I8mPcqqg5l97QIBIwKB
gQCsg0kH6eOBV+ccHfacy42yCal8OZjpuq7Jl7RxLtuixMiLszZbafXgjdJgy+/K
LTymrhg7qZRHP15EG7s42J7EBiE2i6hTbbp8NeHxud0mfxnOvWnNNpu8PgQABs+v
d30i7QhJ6MaV6r9buNUi0T6BYjNI3BiQEBQ+8Lv2ntR57wJBAPelXAttViCwUTcX
nyJLotGxGzbrTsEJjPJyzbfOI6WQEprx3bsTmcHZFXQZpIeu+fKpUbGBuPw4lJnw
kdEHkk8CQQDXOo0dydC6P6VA2VJ7xtGZPhzY72hcMH2V1lHQ3CELkIcxbRxFDWRd
1vYvp33WuBkiXrZ2uWBfAFdVLDWsQgkDAkEAhm+1n82jyJo6t4HaC02hh8aLHdAy
EQUvQclLGqMaqlWGcV66MlsY9DQEVPf6Owc3OpZuLSkp6AF1PZ/aIQQcOQJAGJj6
L0pDvYOd24aNFXXOz69TwQVrAzi95T0QqifJQyZ12cNTsB7JpFMU0j8HETmcePTh
pysg9OoYnAUNcsW34wJAA/QcRkJ41N0Bk+UZ3a6+n7TRA4jcQeATpuj9pmjBJ5RQ
1RXmEhyZjmEbXrpUzs1Q4/9LiwfRYx2gjYYvYchtYw==
-----END RSA PRIVATE KEY-----</private_key>
        </forosZoneManagement>
        <ispZoneManagement
          separate_isp_zone="false"
          public_key="ssh-rsa AAAAB3NzaC1yc2EAAAABIwAAAQEApkRqPzpzY2OTWq6cNt7kwdCOd7T49NzL1SMHKzm9RLV+3ZHW1zs2sKLJEjyag57PpoSgJZZAvOJmA3iWIk2x7f/KfuGLT6e1Qqa8YQvNauS3HylDqnwkOhbz1vrVEa50OpgZ1tlr1HbQGnmWyK7aulB5qd8GXa9CAIWqFZNnr6CBFPjxkWONnFA0fb7Nw9kM7ABpbUOt3FqwSyVW1QyWPXbnNudw982vnz65ZBLjsiQjOZZxpJhWRIOmjIgJs06yJ4SE1CXOmwVn3hKUEzpfT+IM29+7r3L4Z1RCZXQ1MrNsG0Cm9e7EaUE9nzeFsDbBxWUL25XplVEU72HqIlMeuw== andrey_azeev@vauto"
          ssh_key="/home/aduser/.ssh/adkey.isp">
        </ispZoneManagement>
      </environment>
    </configuration>

    <serviceGroup descriptor="AdCluster" name="AdCluster">

      <configuration>
        <cluster xmlns="http://www.adintelligence.net/xsd/AdServer/Configuration" enable_search_term_stats="true"
          referrer_logging_site_referrer_stats="domain" referrer_logging_action_stats="disabled">
          <environment
            workspace_root="/opt/foros/server/var"
            config_root="/opt/foros/server/etc"
            cache_root="/opt/foros/server/var/cache"
            server_root="/opt/foros/server"
            data_root="/opt/foros/server/var/www"/>
          <secureParams ca="ca.pem"/>
          <coloParams
            colo_id="6"
            min_RTB_user_age="60"
            RTB_offline_UID_generation="true"
            enabled_countries="gb"
            segmentor="Polyglot"
            ip_key="4qyPXxtWCA3I1yBWpzl6Nw.."
            ad_request_profiling="ad-request profiling disabled, stats collection enabled"
            set_uid="parameter"
            probe_uid="true"
            skip_external_ids="0:0&#10;-1&#10;skip_ssp_id_test1&#10;19700101000001">
            <virtualServer>
            <httpsParams>
              <cert>
                <content>
Certificate:
    Data:
        Version: 3 (0x2)
        Serial Number: 16 (0x10)
        Signature Algorithm: sha1WithRSAEncryption
        Issuer: C=RU, ST=Moscow, O=Phorm Inc, OU=Phorm Moscow, CN=Phorm Moscow CA/emailAddress=adm@ocslab.com
        Validity
            Not Before: Mar 15 12:33:36 2010 GMT
            Not After : Mar 12 12:33:36 2020 GMT
        Subject: C=RU, ST=Moscow, L=Moscow, O=Phorm Inc, OU=Phorm Moscow, CN=*.foros-rubytest.net
        Subject Public Key Info:
            Public Key Algorithm: rsaEncryption
            RSA Public Key: (1024 bit)
                Modulus (1024 bit):
                    00:f2:17:06:15:76:4f:96:71:5b:48:b1:d2:73:f1:
                    04:6c:9b:df:a6:c3:d1:38:09:94:79:9c:dc:87:7a:
                    73:64:88:59:d7:a4:f7:a6:dc:1a:33:27:12:59:3a:
                    54:f9:6c:56:ee:7e:2a:0d:99:d0:81:09:40:fd:5e:
                    1c:1d:df:82:39:c8:2b:b2:18:e3:d5:bb:f1:18:b2:
                    f3:a9:79:6b:0b:e2:9f:cb:09:d6:ae:f2:dc:65:15:
                    6e:15:55:6b:d1:9b:22:63:2f:02:57:55:b2:5a:3c:
                    ed:61:8c:4e:7d:33:6d:7b:6d:46:f0:89:7d:cc:39:
                    d5:26:e5:32:eb:e4:b8:27:8b
                Exponent: 65537 (0x10001)
        X509v3 extensions:
            X509v3 Basic Constraints:
                CA:FALSE
            Netscape Comment:
                OpenSSL Generated Certificate
            X509v3 Subject Key Identifier:
                54:AF:20:4A:FD:7D:53:3D:4A:58:12:B0:99:4E:A3:8F:44:9E:B4:ED
            X509v3 Authority Key Identifier:
                keyid:FD:FE:7E:27:30:13:8C:A8:1C:3D:32:02:C4:2D:0B:60:3F:87:E1:F2

    Signature Algorithm: sha1WithRSAEncryption
        8a:41:8e:99:4a:88:cb:38:fb:47:7a:cb:0e:2d:83:d7:9f:6d:
        f8:d3:38:f5:22:92:e1:cc:8e:d1:02:8a:51:91:fb:db:c6:70:
        e9:f1:bf:06:7d:0e:e3:b0:6d:56:a2:d2:b1:7c:3a:75:e0:85:
        ff:ca:49:aa:39:d4:29:b4:76:50:07:c3:3d:05:1b:ef:b2:9b:
        b9:6a:72:32:4d:19:67:e7:0e:02:8e:1f:89:35:f2:80:c6:5a:
        be:06:9d:28:35:34:d2:aa:34:07:fc:bd:74:c5:0c:a6:5e:3a:
        2c:71:74:0e:f5:a3:2e:58:c2:c1:bb:bb:75:43:8c:9d:b0:ac:
        17:aa
-----BEGIN CERTIFICATE-----
MIIC6zCCAlSgAwIBAgIBEDANBgkqhkiG9w0BAQUFADCBgjELMAkGA1UEBhMCUlUx
DzANBgNVBAgTBk1vc2NvdzESMBAGA1UEChMJUGhvcm0gSW5jMRUwEwYDVQQLEwxQ
aG9ybSBNb3Njb3cxGDAWBgNVBAMTD1Bob3JtIE1vc2NvdyBDQTEdMBsGCSqGSIb3
DQEJARYOYWRtQG9jc2xhYi5jb20wHhcNMTAwMzE1MTIzMzM2WhcNMjAwMzEyMTIz
MzM2WjB3MQswCQYDVQQGEwJSVTEPMA0GA1UECBMGTW9zY293MQ8wDQYDVQQHEwZN
b3Njb3cxEjAQBgNVBAoTCVBob3JtIEluYzEVMBMGA1UECxMMUGhvcm0gTW9zY293
MRswGQYDVQQDDBIqLm9peC1ydWJ5dGVzdC5uZXQwgZ8wDQYJKoZIhvcNAQEBBQAD
gY0AMIGJAoGBAPIXBhV2T5ZxW0ix0nPxBGyb36bD0TgJlHmc3Id6c2SIWdek96bc
GjMnElk6VPlsVu5+Kg2Z0IEJQP1eHB3fgjnIK7IY49W78Riy86l5awvin8sJ1q7y
3GUVbhVVa9GbImMvAldVslo87WGMTn0zbXttRvCJfcw51SblMuvkuCeLAgMBAAGj
ezB5MAkGA1UdEwQCMAAwLAYJYIZIAYb4QgENBB8WHU9wZW5TU0wgR2VuZXJhdGVk
IENlcnRpZmljYXRlMB0GA1UdDgQWBBRUryBK/X1TPUpYErCZTqOPRJ607TAfBgNV
HSMEGDAWgBT9/n4nMBOMqBw9MgLELQtgP4fh8jANBgkqhkiG9w0BAQUFAAOBgQCK
QY6ZSojLOPtHessOLYPXn2340zj1IpLhzI7RAopRkfvbxnDp8b8GfQ7jsG1WotKx
fDp14IX/ykmqOdQptHZQB8M9BRvvspu5anIyTRln5w4Cjh+JNfKAxlq+Bp0oNTTS
qjQH/L10xQymXjoscXQO9aMuWMLBu7t1Q4ydsKwXqg==
-----END CERTIFICATE-----
                </content>
              </cert>
              <key>
                <content>
-----BEGIN RSA PRIVATE KEY-----
MIICXQIBAAKBgQDyFwYVdk+WcVtIsdJz8QRsm9+mw9E4CZR5nNyHenNkiFnXpPem
3BozJxJZOlT5bFbufioNmdCBCUD9Xhwd34I5yCuyGOPVu/EYsvOpeWsL4p/LCdau
8txlFW4VVWvRmyJjLwJXVbJaPO1hjE59M217bUbwiX3MOdUm5TLr5LgniwIDAQAB
AoGAJLP46CgXyOdGv662CX3w/cZkEhR+E9DgAdAWXzPhasyBUoBgS5vzHO4/ieee
GnKie2YFWiqHwgh1IfSyrpTEWVLRkz5ViauUatLW3DgGMP9+NHZBJZDAja7zkdWR
vhMeA0+1qz2M328q5XQFZS9PVPqLm1VETRtJ6Wp+CjdQGYECQQD8OQ3XARsWrXx7
dNVLUUz2gdDONFBEQ9bg/r+wkpusI33gcvphQQ0Qq536zi4SdD9dF6KHZLIy1QXR
qiAWeXyvAkEA9bcfhNqwuRnPJbnNnO46cob/EJ3xY9K4rZnGXJ1XnKYZTr2p9eHr
kwzg3XxcnIdYqljKEcXEtF88K6oQ7HwR5QJBAL86IpwYYolXD0Iq2mw4P7nFwqIU
V6bqKEh93Kfq/8wLPKynf92sjFNPSn+VQqkLKd9SxA8S8WhIyhike5+OjFECQBwM
WEu5Dv1CJfQ/fmoQg5l5MXp7HQfxEOW4LP17dHnMOA1V9yW7MUHq8Ww2+vdfN87S
LdbThX21dU/irOXhz8UCQQDFQlsuH4PDCD7hYSGjjcRChDakvI3FN4aDuTfDdK4E
bRnpwRnDiLc4fUN8ZaaqpOLlm7+otsd9CWrMvj/oXvDX
-----END RSA PRIVATE KEY-----
                </content>
              </key>
              <ca>
                <content>
-----BEGIN CERTIFICATE-----
MIIC+jCCAmOgAwIBAgIBADANBgkqhkiG9w0BAQUFADCBgjELMAkGA1UEBhMCUlUx
DzANBgNVBAgTBk1vc2NvdzESMBAGA1UEChMJUGhvcm0gSW5jMRUwEwYDVQQLEwxQ
aG9ybSBNb3Njb3cxGDAWBgNVBAMTD1Bob3JtIE1vc2NvdyBDQTEdMBsGCSqGSIb3
DQEJARYOYWRtQG9jc2xhYi5jb20wHhcNMDgwNzA3MTM0MzQ0WhcNMjgwNzAyMTM0
MzQ0WjCBgjELMAkGA1UEBhMCUlUxDzANBgNVBAgTBk1vc2NvdzESMBAGA1UEChMJ
UGhvcm0gSW5jMRUwEwYDVQQLEwxQaG9ybSBNb3Njb3cxGDAWBgNVBAMTD1Bob3Jt
IE1vc2NvdyBDQTEdMBsGCSqGSIb3DQEJARYOYWRtQG9jc2xhYi5jb20wgZ8wDQYJ
KoZIhvcNAQEBBQADgY0AMIGJAoGBALBmr2AsJLoH92WeHVUPhZNUDTwP2EDG4G3c
7GHgFtICbQykTfeSPD+qhokUOJussctiYoBuuzuXTQJ5pOd4aueA2mTVyMnhE9yd
oKe3AEjwRGTLBwcFX9OV/oFDAB5Uu2+9vCYlFS+FxYCigswU/Cq58/L2Q64Bck1R
RlrrJGZlAgMBAAGjfjB8MAwGA1UdEwQFMAMBAf8wLAYJYIZIAYb4QgENBB8WHU9w
ZW5TU0wgR2VuZXJhdGVkIENlcnRpZmljYXRlMB0GA1UdDgQWBBT9/n4nMBOMqBw9
MgLELQtgP4fh8jAfBgNVHSMEGDAWgBT9/n4nMBOMqBw9MgLELQtgP4fh8jANBgkq
hkiG9w0BAQUFAAOBgQAJWKjmA5AMnq5jJS8N4VCakt1yhOL9sHN/iEOja4gjL+AQ
+Ubf38kzg5rfCc1gXtec4NHlW2EQfiRYDQownBqTuclAKk06cSeBsP6Y7x2vAjcL
3y4/Q8U4lRCjqHDyerc/V/TL1QoqSOG6CZBCI/lqcSzvsYdS40L9TAiB9K7nKQ==
-----END CERTIFICATE-----
                </content>
              </ca>
            </httpsParams>
            <adservingDomain name="a.foros-rubytest.net"/>
            <adservingDomain name="b.foros-rubytest.net"/>
            <thirdPartyContentDomain name="foroscrv-rubytest.net"/>
            <thirdPartyContentDomain name="forosssp-rubytest.net"/>
            <thirdPartyContentDomain name="v.foroscrv-rubytest.net"/>
            <biddingDomain name="a.foros-rubytest.net"/>
            <videoDomain name="v.a.foros-rubytest.net"/>
            <clickDomain name="clk.a.foros-rubytest.net"/>
            </virtualServer>
            <virtualServer internal_https_port="10144">
            <httpsParams>
              <cert>
                <content>
Certificate:
    Data:
        Version: 3 (0x2)
        Serial Number: 43 (0x2b)
        Signature Algorithm: sha1WithRSAEncryption
        Issuer: C=RU, ST=Moscow, O=Phorm Inc, OU=Phorm Moscow, CN=Phorm Moscow CA/emailAddress=adm@ocslab.com
        Validity
            Not Before: Aug  6 08:44:41 2013 GMT
            Not After : Aug  4 08:44:41 2023 GMT
        Subject: C=RU, ST=Moscow, L=Moscow, O=Phorm Inc, OU=Phorm Moscow, CN=*.foros-rubytest-old.net/emailAddress=adm@ocslab.com
        Subject Public Key Info:
            Public Key Algorithm: rsaEncryption
            RSA Public Key: (1024 bit)
                Modulus (1024 bit):
                    00:a3:82:ed:7e:33:04:34:20:83:57:53:01:8e:f7:
                    ee:29:8e:e5:e3:d3:ab:a7:e1:4b:fa:60:c6:2e:af:
                    f2:b0:4c:cb:6c:1c:d0:9a:4a:ec:2a:a1:f8:d9:fc:
                    80:ad:2c:a8:e2:5f:b9:47:86:41:a8:db:ed:dc:46:
                    9e:22:f8:31:ff:e0:c9:c5:03:7c:0b:a6:5c:8e:98:
                    8a:97:b2:90:3b:9a:cd:7b:7b:49:43:ce:02:17:c3:
                    84:51:5f:10:ab:b0:83:1d:d3:09:0e:ec:f9:8c:20:
                    c0:d1:52:28:d4:53:36:a0:96:82:21:d6:bf:87:01:
                    39:63:f7:ac:cd:62:8c:bd:e1
                Exponent: 65537 (0x10001)
        X509v3 extensions:
            X509v3 Basic Constraints: 
                CA:FALSE
            Netscape Comment: 
                OpenSSL Generated Certificate
            X509v3 Subject Key Identifier: 
                26:1E:67:47:32:73:D2:1A:AA:83:5A:BD:1D:E1:6D:DE:25:A5:95:B1
            X509v3 Authority Key Identifier: 
                keyid:FD:FE:7E:27:30:13:8C:A8:1C:3D:32:02:C4:2D:0B:60:3F:87:E1:F2

            X509v3 Key Usage: 
                Digital Signature, Non Repudiation, Key Encipherment
    Signature Algorithm: sha1WithRSAEncryption
        18:f4:2a:29:9e:46:b5:91:cf:ce:17:86:aa:3f:07:c2:4c:4b:
        5f:6e:64:fb:39:e6:15:79:d2:96:b2:19:0d:1e:99:06:de:ff:
        e3:01:0a:9a:db:90:47:08:d5:fb:dc:1f:8f:ec:60:94:66:1c:
        47:cc:8f:0f:e9:19:47:23:9f:65:9d:78:d1:49:29:80:1c:48:
        f3:2a:19:b4:00:61:69:2c:c8:2f:2c:59:78:55:bc:00:d7:46:
        93:db:39:66:bb:63:65:2a:94:d0:6f:2e:f4:64:5e:5c:9e:c2:
        5e:46:76:bc:9e:20:8f:ee:89:3c:30:5c:69:47:dd:f9:25:0a:
        44:27
-----BEGIN CERTIFICATE-----
MIIDHjCCAoegAwIBAgIBKzANBgkqhkiG9w0BAQUFADCBgjELMAkGA1UEBhMCUlUx
DzANBgNVBAgTBk1vc2NvdzESMBAGA1UEChMJUGhvcm0gSW5jMRUwEwYDVQQLEwxQ
aG9ybSBNb3Njb3cxGDAWBgNVBAMTD1Bob3JtIE1vc2NvdyBDQTEdMBsGCSqGSIb3
DQEJARYOYWRtQG9jc2xhYi5jb20wHhcNMTMwODA2MDg0NDQxWhcNMjMwODA0MDg0
NDQxWjCBmjELMAkGA1UEBhMCUlUxDzANBgNVBAgTBk1vc2NvdzEPMA0GA1UEBxMG
TW9zY293MRIwEAYDVQQKEwlQaG9ybSBJbmMxFTATBgNVBAsTDFBob3JtIE1vc2Nv
dzEfMB0GA1UEAwwWKi5vaXgtcnVieXRlc3Qtb2xkLm5ldDEdMBsGCSqGSIb3DQEJ
ARYOYWRtQG9jc2xhYi5jb20wgZ8wDQYJKoZIhvcNAQEBBQADgY0AMIGJAoGBAKOC
7X4zBDQgg1dTAY737imO5ePTq6fhS/pgxi6v8rBMy2wc0JpK7Cqh+Nn8gK0sqOJf
uUeGQajb7dxGniL4Mf/gycUDfAumXI6YipeykDuazXt7SUPOAhfDhFFfEKuwgx3T
CQ7s+YwgwNFSKNRTNqCWgiHWv4cBOWP3rM1ijL3hAgMBAAGjgYkwgYYwCQYDVR0T
BAIwADAsBglghkgBhvhCAQ0EHxYdT3BlblNTTCBHZW5lcmF0ZWQgQ2VydGlmaWNh
dGUwHQYDVR0OBBYEFCYeZ0cyc9IaqoNavR3hbd4lpZWxMB8GA1UdIwQYMBaAFP3+
ficwE4yoHD0yAsQtC2A/h+HyMAsGA1UdDwQEAwIF4DANBgkqhkiG9w0BAQUFAAOB
gQAY9Copnka1kc/OF4aqPwfCTEtfbmT7OeYVedKWshkNHpkG3v/jAQqa25BHCNX7
3B+P7GCUZhxHzI8P6RlHI59lnXjRSSmAHEjzKhm0AGFpLMgvLFl4VbwA10aT2zlm
u2NlKpTQby70ZF5cnsJeRna8niCP7ok8MFxpR935JQpEJw==
-----END CERTIFICATE-----
                </content>
              </cert>
              <key>
                <content>
     -----BEGIN RSA PRIVATE KEY-----
MIICXAIBAAKBgQCjgu1+MwQ0IINXUwGO9+4pjuXj06un4Uv6YMYur/KwTMtsHNCa
SuwqofjZ/ICtLKjiX7lHhkGo2+3cRp4i+DH/4MnFA3wLplyOmIqXspA7ms17e0lD
zgIXw4RRXxCrsIMd0wkO7PmMIMDRUijUUzagloIh1r+HATlj96zNYoy94QIDAQAB
AoGAMugscMIJaQFGYwWg0pY2PBIVWN0p8FaghQ9kJFz7PhBqtPozqBXzeUJ8a8HF
fiUNX41V7gLKpnvyjkYeLd0AE56Q3uxyAgp+3EKtY7Dyj3c0ykLArI9Tt/vRvSyT
fxLHPcCUL7M7YDPoVYGcFrMi+3dEQx0hCMi7cLdtpEDyEBECQQDZn9o727Xn8K1S
bgBrCGyf4anbDCsst0dyBdRhSCv/Ikd6DboPljBh4DLo+2LCgDKdDG2QLpaN4rXT
cQKTQRxjAkEAwFhFP8KuaqY2RSMvkLlWT258Q88Yuvvt+/SDiWSVGAfABFfr7sOf
Z9kF3tgfhT/BtQJYqxZcR1KL+pl+catF6wJAdIEkZvk3iCUL1N448RQAexNnSHJa
RsUTxZIjYbUugJbMZyYkHqYL3soU1y+FbpUNA5CcsxyN0wW0y65rb4Pi+wJBALtr
h5aYaYGsEceOgIOhxJNDkjw0qOFSKFPQrvcKlijDLHxO+6s83K/BDXJV32jkdiid
b67N6/7nVVRLiqTSAh8CQD+t49und+5gaqhnL524Gg7KO64Byr2aum7OZ49bK1Ou
X/WpvlcI1AEEOmD309iy5yBJGKn9veRgOGBRHSycIes=
-----END RSA PRIVATE KEY-----
           </content>
              </key>
              <ca>
                <content>
-----BEGIN CERTIFICATE-----
MIIDHjCCAoegAwIBAgIBKzANBgkqhkiG9w0BAQUFADCBgjELMAkGA1UEBhMCUlUx
DzANBgNVBAgTBk1vc2NvdzESMBAGA1UEChMJUGhvcm0gSW5jMRUwEwYDVQQLEwxQ
aG9ybSBNb3Njb3cxGDAWBgNVBAMTD1Bob3JtIE1vc2NvdyBDQTEdMBsGCSqGSIb3
DQEJARYOYWRtQG9jc2xhYi5jb20wHhcNMTMwODA2MDg0NDQxWhcNMjMwODA0MDg0
NDQxWjCBmjELMAkGA1UEBhMCUlUxDzANBgNVBAgTBk1vc2NvdzEPMA0GA1UEBxMG
TW9zY293MRIwEAYDVQQKEwlQaG9ybSBJbmMxFTATBgNVBAsTDFBob3JtIE1vc2Nv
dzEfMB0GA1UEAwwWKi5vaXgtcnVieXRlc3Qtb2xkLm5ldDEdMBsGCSqGSIb3DQEJ
ARYOYWRtQG9jc2xhYi5jb20wgZ8wDQYJKoZIhvcNAQEBBQADgY0AMIGJAoGBAKOC
7X4zBDQgg1dTAY737imO5ePTq6fhS/pgxi6v8rBMy2wc0JpK7Cqh+Nn8gK0sqOJf
uUeGQajb7dxGniL4Mf/gycUDfAumXI6YipeykDuazXt7SUPOAhfDhFFfEKuwgx3T
CQ7s+YwgwNFSKNRTNqCWgiHWv4cBOWP3rM1ijL3hAgMBAAGjgYkwgYYwCQYDVR0T
BAIwADAsBglghkgBhvhCAQ0EHxYdT3BlblNTTCBHZW5lcmF0ZWQgQ2VydGlmaWNh
dGUwHQYDVR0OBBYEFCYeZ0cyc9IaqoNavR3hbd4lpZWxMB8GA1UdIwQYMBaAFP3+
ficwE4yoHD0yAsQtC2A/h+HyMAsGA1UdDwQEAwIF4DANBgkqhkiG9w0BAQUFAAOB
gQAY9Copnka1kc/OF4aqPwfCTEtfbmT7OeYVedKWshkNHpkG3v/jAQqa25BHCNX7
3B+P7GCUZhxHzI8P6RlHI59lnXjRSSmAHEjzKhm0AGFpLMgvLFl4VbwA10aT2zlm
u2NlKpTQby70ZF5cnsJeRna8niCP7ok8MFxpR935JQpEJw==
-----END CERTIFICATE-----
                </content>
              </ca>
            </httpsParams>
            <redirectDomain name="a.foros-rubytest-old.net" target_domain="a.oix-rubytest.net"/>
            <redirectDomain name="b.foros-rubytest-old.net" target_domain="b.oix-rubytest.net"/>
            </virtualServer>
            <uid_key>-----BEGIN RSA PRIVATE KEY-----
MIGrAgEAAiEA2fwQ8IopPMAyLnwiZeXTCA5tfSFutzbvkHgV/8/HnLcCAwEAAQIh
AKxu6u98OzalSozfAU7dyFpHFLAD7W9uaQnyxVYjEn5BAhEA9fyJGIsAQrMYVr7Z
JtynZwIRAOLbuBLRWSGa36xAj0u2njECEBa6EVSSKyD+eQYytc9wXYsCEA3ezz9f
S2rRlFFs1RYVAVECEQDTaWcCyMagjj2P1gscquOC
-----END RSA PRIVATE KEY-----</uid_key>
            <temporary_uid_key>-----BEGIN RSA PRIVATE KEY-----
MIGqAgEAAiEA5xCJbjYA0L25raRHQ00gSO6ab/viQdf3bNoDR1DHc70CAwEAAQIg
XyCSw9ndyhJh8Bfy8sU85aFu7vz+raM8sdoJvyEtNkECEQD4mK4psrPT5hbsaoSm
z48NAhEA7fIxSeHNgu5EPqX8PSLLcQIQDZNw92/96BWJrPGIOv/cxQIQDplehs7w
4gimbUWX3VRmMQIRAKDy/lVdcZ8BF2dpZ0bv4Pg=
-----END RSA PRIVATE KEY-----</temporary_uid_key>
            <RTBAccount account_id="347120"
              tanx_encryption_key="5117962f876a70e1478e99fef41e71d6"/>
            <RTBAccount account_id="347304"
              openx_encryption_key="b08c70cfbcb0eb6cab7e82c6b75da52072ae62b2bf4b990bb80a48d8141eec07"
              openx_integrity_key="bf77ec55c30130c1d8cd1862ed2a4cd2c76ac33bc0c4ce8a3d3bbd3ad5687792"/>
            <RTBAccount account_id="347306"
              openx_encryption_key="C9DCA41807724CA4B6AEC421FF74C749A123772EB24148928804207981D083CC"
              openx_integrity_key="E199E923167547AC815BEA83E2862A08E4D4DB167CE94D248090A16C713D6498"/>
            <RTBAccount account_id="347563"
              baidu_encryption_key="005e38cb01abc22fd5acd77001abc22fd5acfe8001abc22fd5ad06509b1bb875"
              baidu_integrity_key="005e38cb01abc22fd5ad6be001abc22fd5ad73b001abc22fd5ad7b802e88c532"/>
            <RTBAccount account_id="348080" max_cpm_value="500.01"/>
            <RTBAccount account_id="348613"
              tanx_encryption_key="b0036ce2a7edb02c06fab9cac2bee333"
              openx_encryption_key="b08c70cfbcb0eb6cab7e82c6b75da52072ae62b2bf4b990bb80a48d8141eec07"
              openx_integrity_key="bf77ec55c30130c1d8cd1862ed2a4cd2c76ac33bc0c4ce8a3d3bbd3ad5687792"/>
            <RTBAccount account_id="348614"
              openx_encryption_key="b08c70cfbcb0eb6cab7e82c6b75da52072ae62b2bf4b990bb80a48d8141eec07"
              openx_integrity_key="bf77ec55c30130c1d8cd1862ed2a4cd2c76ac33bc0c4ce8a3d3bbd3ad5687792"/>
            <RTBAccount account_id="348615"
              tanx_encryption_key="b0036ce2a7edb02c06fab9cac2bee333"/>
            <RTBSite site_id="139594" 
              tanx_encryption_key="5117962f876a70e1478e99fef41e71d6"
              openx_encryption_key="C9DCA41807724CA4B6AEC421FF74C749A123772EB24148928804207981D083CC"
              openx_integrity_key="E199E923167547AC815BEA83E2862A08E4D4DB167CE94D248090A16C713D6498"/>
            <RTBSite site_id="139595" 
              openx_encryption_key="C9DCA41807724CA4B6AEC421FF74C749A123772EB24148928804207981D083CC"
              openx_integrity_key="E199E923167547AC815BEA83E2862A08E4D4DB167CE94D248090A16C713D6498"/>
            <RTBSite site_id="139596" 
              tanx_encryption_key="5117962f876a70e1478e99fef41e71d6"/>
            <RTBSite site_id="139598" 
              tanx_encryption_key="5117962f876a70e1478e99fef41e71d6"/>
            <RTBSite site_id="139599" 
              openx_encryption_key="C9DCA41807724CA4B6AEC421FF74C749A123772EB24148928804207981D083CC"
              openx_integrity_key="E199E923167547AC815BEA83E2862A08E4D4DB167CE94D248090A16C713D6498"/>
            <RTBSite site_id="139600" 
              tanx_encryption_key="5117962f876a70e1478e99fef41e71d6"
              openx_encryption_key="C9DCA41807724CA4B6AEC421FF74C749A123772EB24148928804207981D083CC"
              openx_integrity_key="E199E923167547AC815BEA83E2862A08E4D4DB167CE94D248090A16C713D6498"/>
          </coloParams>
          <Cookies
            domain=".foros-rubytest.net"
            path="/"/>
          <inventoryStats simplifying="100" distrib_count="32"/>
          <snmpStats enable="true" monitoring_tag_id="2157"/>
          <userProfiling bind_chunks_count="16">
            <userInfoExchangerRef host="vnode0" port="10210">
              <secureParams key="skey.pem" certificate="scert.pem" password="adserver"/>
            </userInfoExchangerRef>
          </userProfiling>
          <researchStat ip_logging_enabled="false" profiling_log_sampling="100">
            <receiverRef host="vauto" port="11876"/>
          </researchStat>
          <IPMapping>
            <colo ip_range="2.216.1.1/32" cohorts="" colo_id="58365" webindex_profile="false"/>
            <colo ip_range="5.10.16.0/20" cohorts="" colo_id="58386"/>
            <colo ip_range="2.216.1.2/32" cohorts="8-34-0" colo_id="58387"/>
            <colo ip_range="2.216.1.3/32" cohorts="8-34-1&#10;8-34-2" colo_id="58388"/>
            <colo ip_range="5.10.16.0/20&#10;5.10.144.0/20" cohorts="" colo_id="58389"/>
            <colo ip_range="5.53.64.0/19&#10;5.57.80.0/20&#10;5.10.144.0/20" cohorts="8-34-1" colo_id="58390"/>
            <colo ip_range="5.61.32.0/19&#10;5.64.0.0/13" cohorts="8-34-1&#10;8-34-2" colo_id="58391"/>
            <colo ip_range="" cohorts="8-34-3" colo_id="58392"/>
            <colo ip_range="0.0.0.0/0" cohorts="8-34-4" colo_id="58393"/>
            <colo ip_range="2.216.2.1/20" cohorts="" colo_id="58066"/>
            <colo ip_range="5.10.16.0/20" cohorts="" colo_id="58394"/>
            <colo ip_range="5.10.16.0/20" cohorts="8-34-11" colo_id="58395" webindex_profile="false"/>
            <colo ip_range="2.216.3.1/32" cohorts="" colo_id="58645" webindex_profile="true"/>
            <colo ip_range="2.24.0.1/32" cohorts="" colo_id="58969" webindex_profile="true"/>
            <colo ip_range="77.242.192.0/32" cohorts="" colo_id="59045" webindex_profile="false"/>
            <colo ip_range="77.244.128.0/32" cohorts="" colo_id="59046" webindex_profile="false"/>
            <colo ip_range="77.246.16.0/32" cohorts="" colo_id="59047" webindex_profile="false"/>
            <colo ip_range="2.24.0.2/32" cohorts="" colo_id="59005" webindex_profile="false"/>
            <colo ip_range="2.24.0.3/32" cohorts="" colo_id="59145" webindex_profile="false"/>
            <colo ip_range="2.24.0.4/32" cohorts="" colo_id="59146" webindex_profile="false"/>
            <colo ip_range="2.24.0.5/32" cohorts="" colo_id="59147" webindex_profile="false"/>
          </IPMapping>
          <WebIndexOnRTB enable_profiling="true">
            <Endpoint url="tcp://wind0:12000"/>
            <Endpoint url="tcp://wind0:12500"/>
          </WebIndexOnRTB>
          <CTRConfig expire_timeout="3600">
            <sourceRef host="vauto" port="10003"/>
          </CTRConfig>
          <audienceChannelConfig>
            <sourceRef host="vauto" port="10021"/>
          </audienceChannelConfig>
          <remote connect_timeout="900">
            <campaignServerRef host="vnode0" port="10206">
              <secureParams key="skey.pem" certificate="scert.pem" password="adserver"/>
            </campaignServerRef>
            <campaignServerRef host="vnode3" port="10206">
              <secureParams key="skey.pem" certificate="scert.pem" password="adserver"/>
            </campaignServerRef>
            <channelProxyRef host="vnode0" port="10205">
              <secureParams key="skey.pem" certificate="scert.pem" password="adserver"/>
            </channelProxyRef>
            <channelProxyRef host="vnode3" port="10205">
              <secureParams key="skey.pem" certificate="scert.pem" password="adserver"/>
            </channelProxyRef>
            <sTunnelRef host="vnode0" port="10200"/>
            <sTunnelRef host="vnode3" port="10200"/>
          </remote>
        </cluster>
      </configuration>

      <!-- lp, ui, be -->
      <serviceGroup
        descriptor="AdCluster/BackendSubCluster"
        name="BackendSubCluster">

        <serviceGroup
          descriptor="AdCluster/BackendSubCluster/LogProcessing"
          name="LogProcessing">
          <configuration>
            <logProcessing xmlns="http://www.adintelligence.net/xsd/AdServer/Configuration">
              <syncLogs>
                <logging log_level="7"/>
                <fileTransferring
                  file_check_period="10"
                  host_check_period="10"
                  logs_backup="false"
                  content_check_period="15"
                  internal_content_check_period="20"/>
              </syncLogs>

              <syncLogsServer>
                <networkParams port="10114"/>
                <logging log_level="1" sys_log="false"/>
              </syncLogsServer>
            </logProcessing>
          </configuration>
        </serviceGroup>

        <serviceGroup
          descriptor="AdCluster/BackendSubCluster/LocalProxy"
          name="LocalProxyDevel">

          <service
            descriptor="AdCluster/BackendSubCluster/LocalProxy/ChannelProxy"
            name="ChannelProxyDevel"
            host="vnode1">
            <configuration>
              <channelProxy xmlns="http://www.adintelligence.net/xsd/AdServer/Configuration">
              </channelProxy>
            </configuration>
          </service>
          <service
            descriptor="AdCluster/BackendSubCluster/LocalProxy/STunnelClient"
            name="STunnelClientDevel"
            host="vnode1">
            <configuration>
              <sTunnelClient xmlns="http://www.adintelligence.net/xsd/AdServer/Configuration">
              </sTunnelClient>
            </configuration>
          </service>
        </serviceGroup>

        <service
          descriptor="AdCluster/BackendSubCluster/ExpressionMatcher"
          name="ExpressionMatcher"
          host="vnode1">
          <configuration>
            <expressionMatcher xmlns="http://www.adintelligence.net/xsd/AdServer/Configuration"
              enable_channel_overlap_stats="false">
              <updateParams period="30"/>
              <statLogging file_check_period="10" flush_period="10" activity_flush_period="3600" inventory_ecpm_flush_period="10"/>
              <profilesCleanupParams inventory_days_to_keep="5"/>
            </expressionMatcher>
          </configuration>
        </service>

        <service
          descriptor="AdCluster/BackendSubCluster/LogGeneralizer"
          name="LogGeneralizer"
          host="vnode1 vnode2">
          <configuration>
            <logGeneralizer xmlns="http://www.adintelligence.net/xsd/AdServer/Configuration">
              <statLogging search_term_count_threshold="12"
                file_check_period="10" flush_period="10" flush_size="10100"/>
            </logGeneralizer>
          </configuration>
        </service>

        <service
          descriptor="AdCluster/BackendSubCluster/RequestInfoManager"
          name="RequestInfoManager"
          host="vnode1">
          <configuration>
            <requestInfoManager xmlns="http://www.adintelligence.net/xsd/AdServer/Configuration">
              <statLogging file_check_period="10" flush_period="30"/>
            </requestInfoManager>
          </configuration>
        </service>

        <service
          descriptor="AdCluster/BackendSubCluster/CampaignServer"
          name="CampaignServer"
          host="vnode2">
          <configuration>
            <campaignServer xmlns="http://www.adintelligence.net/xsd/AdServer/Configuration">
              <updateParams update_period="30" ecpm_update_period="30" primary="false"/>
            </campaignServer>
          </configuration>
        </service>

        <service
          descriptor="AdCluster/BackendSubCluster/CampaignServer"
          name="CampaignServer"
          host="vnode1">
          <configuration>
            <campaignServer xmlns="http://www.adintelligence.net/xsd/AdServer/Configuration">
              <updateParams update_period="30" ecpm_update_period="30" primary="true"/>
            </campaignServer>
          </configuration>
        </service>

        <service
          descriptor="AdCluster/BackendSubCluster/StatsCollector"
          name="StatsCollectorDevel"
          host="vnode1">
            <configuration>
            <statsCollector xmlns="http://www.adintelligence.net/xsd/AdServer/Configuration">
            </statsCollector>
            </configuration>
        </service>
        <service
          descriptor="AdCluster/BackendSubCluster/DictionaryProvider"
          name="DictionaryProvider"
          host="vnode1">
        </service>
        <service
          descriptor="AdCluster/BackendSubCluster/UserOperationGenerator"
          name="UserOperationGenerator"
          host="vnode2">
          <configuration>
            <userOperationGenerator xmlns="http://www.adintelligence.net/xsd/AdServer/Configuration">
              <logging log_level="8"/>
            </userOperationGenerator>
          </configuration>
        </service>
        <!--
        <serviceGroup
          descriptor="AdCluster/BackendSubCluster/LocalProxy"
          name="">
        </serviceGroup>
        -->
      </serviceGroup>

      <!-- fe -->
      <serviceGroup
        descriptor="AdCluster/FrontendSubCluster"
        name="FrontendSubCluster">
<!--
        <configuration>
          <frontendCluster xmlns="http://www.adintelligence.net/xsd/AdServer/Configuration">
            <DACS script="fe"/>
          </frontendCluster>
        </configuration>
-->
        <configuration>
          <frontendCluster xmlns="http://www.adintelligence.net/xsd/AdServer/Configuration">
            <channelServing>
              <scaleParams chunks_count="10"/>
            </channelServing>
          </frontendCluster>
        </configuration>

        <service
          descriptor="AdCluster/FrontendSubCluster/UserInfoManager"
          name="UserInfoManager"
          host="vnode1 vnode2">
          <configuration>
            <userInfoManager xmlns="http://www.adintelligence.net/xsd/AdServer/Configuration">
              <matchParams repeat_trigger_timeout="0"/>
            </userInfoManager>
          </configuration>
        </service>

        <service
          descriptor="AdCluster/FrontendSubCluster/UserInfoManagerController"
          name="UserInfoManagerController"
          host="vnode1 vnode2"/>

        <service
          descriptor="AdCluster/FrontendSubCluster/ChannelServer"
          name="ChannelServer"
          host="vnode1 vnode2">
            <configuration>
              <channelServer xmlns="http://www.adintelligence.net/xsd/AdServer/Configuration">
                <updateParams period="30" chunks_count="32"/>
              </channelServer>
            </configuration>
         </service>

        <service
           descriptor="AdCluster/FrontendSubCluster/ChannelController"
           name="ChannelController"
           host="vnode1">
          <configuration>
            <channelController xmlns="http://www.adintelligence.net/xsd/AdServer/Configuration">
            </channelController>
          </configuration>
         </service>
        <service
           descriptor="AdCluster/FrontendSubCluster/ChannelSearchService"
           name="ChannelSearchService"
           host="vnode1">
          <configuration>
            <channelSearchService xmlns="http://www.adintelligence.net/xsd/AdServer/Configuration">
            </channelSearchService>
          </configuration>
         </service>
        <service
          descriptor="AdCluster/FrontendSubCluster/UserBindServer"
          name="UserBindServer"
          host="vnode1 vnode2">
          <configuration>
            <userBindServer xmlns="http://www.adintelligence.net/xsd/AdServer/Configuration" user_seen_expire_time="172800">
            </userBindServer>
          </configuration>
        </service>
        <service
          descriptor="AdCluster/FrontendSubCluster/UserBindController"
          name="UserBindController"
          host="vnode2">
          <configuration>
            <userBindController xmlns="http://www.adintelligence.net/xsd/AdServer/Configuration">
            </userBindController>
          </configuration>
        </service>

        <service
           descriptor="AdCluster/FrontendSubCluster/ChannelController"
           name="ChannelController"
           host="vnode2"/>

        <service
          descriptor="AdCluster/FrontendSubCluster/Frontend"
          name="Frontend"
          host="vnode1 vnode2">
            <configuration>
              <frontend xmlns="http://www.adintelligence.net/xsd/AdServer/Configuration">
                <webServerParams
                  timeout="300"
                  keep_alive="true"
                  server_limit="1"
                  start_servers="1"
                  max_clients="1000"
                  min_spare_threads="50"
                  max_spare_threads="50"
                  threads_per_process="100"/>
                <debugInfo use_acl="false" show_history_profile="true"/>
                <requestModule>
                  <logging log_level="7"/>
                  <session timeout="30"/>
                </requestModule>
                <impressionModule>
                  <logging log_level="7"/>
                </impressionModule>
                <clickModule>
                  <logging log_level="7"/>
                </clickModule>
                <actionModule>
                  <logging log_level="7"/>
                </actionModule>
                <optoutModule>
                  <logging log_level="7" log_ip="true"/>
                </optoutModule>
                <pageSenseModule/>
                <pubTagModule/>
                <statusModule/>
                <adInstModule>
                  <logging log_level="8"/>
                </adInstModule>
                <biddingModule max_bid_time="1000">
                  <logging log_level="8"/>
                  <source id="url" instantiate_type="url" request_type="openrtb with click url" default_account_id="346537"/>
                  <source id="script-url" instantiate_type="script with url" request_type="openrtb with click url"/>
                  <source id="body" instantiate_type="body" request_type="openrtb with click url"/>
                  <source id="url-no-click" instantiate_type="url" request_type="openrtb"/>
                  <source id="body-no-click" instantiate_type="body" request_type="openrtb"/>
                  <source id="iframe-url" instantiate_type="iframe with url" request_type="openrtb"/>
                  <source id="iframe-url-no-click" instantiate_type="iframe with url" request_type="openrtb"/>
                  <source id="body-tanx" instantiate_type="body" request_type="tanx" default_account_id="346322"/>
                  <source id="script-tanx" instantiate_type="script with url" request_type="tanx"/>
                  <source id="body-openx" instantiate_type="body" request_type="openx"/>
                  <source id="iframe-url-openx" instantiate_type="iframe with url" request_type="openx"/>
                  <source id="body-liverail" instantiate_type="body" request_type="liverail"/>
                  <source id="url-liverail" instantiate_type="url" request_type="liverail"/>
                  <source id="body-blank" instantiate_type="body"/>
                  <source id="body-allyes" instantiate_type="body" request_type="allyes" enable_notice="true"/>
                  <source id="iframe-url-allyes" instantiate_type="iframe with url" request_type="allyes" enable_notice="true"/>
                  <source id="iframe-url-adriver" instantiate_type="iframe with url" request_type="adriver" enable_notice="true"/>
                  <source id="body-adriver" instantiate_type="body" request_type="adriver" enable_notice="true"/>
                  <source id="body-openrtb-notice" instantiate_type="body" request_type="openrtb with click url" enable_notice="true"/>
                  <source id="body-baidu" instantiate_type="body" request_type="baidu" enable_notice="false" truncate_domain="false" default_account_id="346322"/>
                  <source id="script-baidu" instantiate_type="script with url" request_type="baidu" enable_notice="false" truncate_domain="false"/>
                  <source id="body-baidu-static" instantiate_type="body" request_type="baidu(static)" enable_notice="false" truncate_domain="false"/>
                  <source id="urlp-appnexus" instantiate_type="url parameters" request_type="appnexus"
                    enable_notice="false" truncate_domain="false" default_account_id="346537" appnexus_member_id="4737"/>
                  <source id="urlp-enc-appnexus" instantiate_type="encoded url parameters" request_type="appnexus" enable_notice="false" truncate_domain="false"/>
                  <source id="yandex" instantiate_type="data parameter value" request_type="yandex" enable_notice="false" truncate_domain="false"/>
                  <source id="yandex2" instantiate_type="data parameter value" request_type="yandex" enable_notice="false" truncate_domain="false"/>
                  <source id="vast-video-notice" instantiate_type="url" request_type="openrtb" enable_notice="false" truncate_domain="false" vast_instantiate_type="video url" vast_enable_notice="true"/>
                  <source id="vast-video" instantiate_type="body" request_type="openrtb" enable_notice="true" truncate_domain="false" vast_instantiate_type="video url" vast_enable_notice="false" ipw_extension="true"/>
                  <source id="vast-url" instantiate_type="body" request_type="openrtb" enable_notice="true" truncate_domain="false" vast_instantiate_type="url" vast_enable_notice="false"/>
                  <source id="vast-body" instantiate_type="url" request_type="openrtb" enable_notice="false" truncate_domain="false" vast_instantiate_type="body" vast_enable_notice="true"/>
                  <source id="vast-none" instantiate_type="body" request_type="openrtb" enable_notice="false" truncate_domain="false" vast_enable_notice="true"/>
                  <source id="vast-video-body" instantiate_type="body" request_type="openrtb" enable_notice="true" truncate_domain="false" vast_instantiate_type="video url in body" vast_enable_notice="true"/>
                  <source id="ipw" instantiate_type="body" request_type="openrtb" ipw_extension="true"/>
                </biddingModule>
                <userBindModule set_uid="true" create_profile="false" yandex_key="remote1-key-yandex">
                  <source id="url" redirect="http://cs.ocslab.com/cgi-bin/rtb-bind.cgi?ssp=1&amp;uid=##SSPUID##&amp;ssp_id=##EXTERNALID##"/>
                  <source id="body" redirect="http://aa.zz.rubypub.net/cgi-bin/rtb-bind.cgi?uid=##SSPUID##&amp;ssp_id=##EXTERNALID##&amp;ssp=2"/>
                  <source id="ssp-bind-ssl" redirect="https://cs.ocslab.com/cgi-bin/rtb-bind.cgi?uid=##SSPUID##&amp;ssp_id=##EXTERNALID##&amp;ssp=3"/>
                  <source id="ssp-bind-schemeless" redirect="//cs.ocslab.com/cgi-bin/rtb-bind.cgi?uid=##SSPUID##&amp;ssp_id=##EXTERNALID##&amp;ssp=4"/>
                  <source id="yandex" redirect="http://cs.ocslab.com/cgi-bin/rtb-bind.cgi?uid=##SSPUID##&amp;uid_unsigned=##UNSIGNEDSSPUID##&amp;ysign=##YANDEXSIGN##&amp;ssp=5"/>
                </userBindModule>
              </frontend>
            </configuration>
          </service>

          <service
            descriptor="AdCluster/FrontendSubCluster/ZmqProfilingBalancer"
            name="ZmqProfilingBalancer"
            host="vnode1 vnode2">
            <configuration>
              <zmqProfilingBalancer xmlns="http://www.adintelligence.net/xsd/AdServer/Configuration" zmq_io_threads="1">
                <logging log_level="8" sys_log="true" rotate_size="100" rotate_time="1440" error_size_cleanup="104857600" error_time_cleanup="86400" trace_size_cleanup="104857600" trace_time_cleanup="14400"/>
                <profilingInfoConnectSocket hwm="100" non_block="false"/>
                <anonymousStatsConnectSocket hwm="100" non_block="false"/>
              </zmqProfilingBalancer>
            </configuration>
          </service>

          <service
            descriptor="AdCluster/FrontendSubCluster/ProfilingServer"
            name="ProfilingServer"
            host="vnode1 vnode2">
            <configuration>
              <profilingServer xmlns="http://www.adintelligence.net/xsd/AdServer/Configuration"
                zmq_io_threads="1"
                work_threads="20">
                <logging log_level="8" sys_log="true" rotate_size="100" rotate_time="1440" error_size_cleanup="104857600" error_time_cleanup="86400" trace_size_cleanup="104857600" trace_time_cleanup="14400"/>
              </profilingServer>
            </configuration>
          </service>

          <service
            descriptor="AdCluster/FrontendSubCluster/BillingServer"
            name="BillingServer"
            host="vnode1 vnode2"/>

          <service
            descriptor="AdCluster/FrontendSubCluster/CampaignManager"
            name="CampaignManager"
            host="vnode1 vnode2">

            <configuration>
              <campaignManager xmlns="http://www.adintelligence.net/xsd/AdServer/Configuration">
                <updateParams
                  update_period="20"
                  ecpm_update_period="10"
                  campaign_types="all"/>
                <statLogging flush_period="10"/>
              </campaignManager>
            </configuration>

          </service>
      </serviceGroup>
    </serviceGroup>

  </application>

</colo:colocation>
